生成启动时间为 2015/1/17 0:22:52。
     1>项目“C:\Users\ustc\OneDrive\计算机图形学作业\CGTask\CGTask\CGTask.vcxproj”在节点 2 上(Build 个目标)。
     1>ClCompile:
         C:\Program Files (x86)\Microsoft Visual Studio 11.0\VC\bin\CL.exe /c /ZI /nologo /W3 /WX- /sdl /Od /Oy- /D WIN32 /D _DEBUG /D _WINDOWS /D _UNICODE /D UNICODE /Gm /EHsc /RTC1 /MTd /GS /fp:precise /Zc:wchar_t /Zc:forScope /Yc"stdafx.h" /Fp"Debug\CGTask.pch" /Fo"Debug\\" /Fd"Debug\vc110.pdb" /Gd /TP /analyze- /errorReport:prompt stdafx.cpp
         stdafx.cpp
         C:\Program Files (x86)\Microsoft Visual Studio 11.0\VC\bin\CL.exe /c /ZI /nologo /W3 /WX- /sdl /Od /Oy- /D WIN32 /D _DEBUG /D _WINDOWS /D _UNICODE /D UNICODE /Gm /EHsc /RTC1 /MTd /GS /fp:precise /Zc:wchar_t /Zc:forScope /Yu"stdafx.h" /Fp"Debug\CGTask.pch" /Fo"Debug\\" /Fd"Debug\vc110.pdb" /Gd /TP /analyze- /errorReport:prompt CGTask.cpp cgfunctions.cpp general.cpp truescene.cpp
         truescene.cpp
     1>c:\users\ustc\onedrive\计算机图形学作业\cgtask\cgtask\truescene.cpp(28): warning C4018: “<”: 有符号/无符号不匹配
     1>c:\users\ustc\onedrive\计算机图形学作业\cgtask\cgtask\truescene.cpp(30): warning C4018: “<”: 有符号/无符号不匹配
     1>c:\users\ustc\onedrive\计算机图形学作业\cgtask\cgtask\truescene.cpp(40): warning C4018: “<”: 有符号/无符号不匹配
     1>c:\users\ustc\onedrive\计算机图形学作业\cgtask\cgtask\truescene.cpp(46): warning C4244: “初始化”: 从“double”转换到“int”，可能丢失数据
     1>c:\users\ustc\onedrive\计算机图形学作业\cgtask\cgtask\truescene.cpp(47): warning C4244: “初始化”: 从“double”转换到“int”，可能丢失数据
     1>c:\users\ustc\onedrive\计算机图形学作业\cgtask\cgtask\truescene.cpp(48): warning C4244: “初始化”: 从“double”转换到“int”，可能丢失数据
     1>c:\users\ustc\onedrive\计算机图形学作业\cgtask\cgtask\truescene.cpp(49): warning C4244: “初始化”: 从“double”转换到“int”，可能丢失数据
     1>c:\users\ustc\onedrive\计算机图形学作业\cgtask\cgtask\truescene.cpp(67): warning C4018: “<”: 有符号/无符号不匹配
     1>c:\users\ustc\onedrive\计算机图形学作业\cgtask\cgtask\truescene.cpp(117): warning C4244: “初始化”: 从“double”转换到“int”，可能丢失数据
     1>c:\users\ustc\onedrive\计算机图形学作业\cgtask\cgtask\truescene.cpp(118): warning C4244: “初始化”: 从“double”转换到“int”，可能丢失数据
     1>c:\users\ustc\onedrive\计算机图形学作业\cgtask\cgtask\truescene.cpp(142): warning C4018: “<”: 有符号/无符号不匹配
     1>c:\users\ustc\onedrive\计算机图形学作业\cgtask\cgtask\truescene.cpp(160): warning C4244: “=”: 从“double”转换到“int”，可能丢失数据
     1>c:\users\ustc\onedrive\计算机图形学作业\cgtask\cgtask\truescene.cpp(167): warning C4244: “=”: 从“double”转换到“int”，可能丢失数据
     1>c:\users\ustc\onedrive\计算机图形学作业\cgtask\cgtask\truescene.cpp(174): warning C4244: “=”: 从“double”转换到“int”，可能丢失数据
         正在生成代码...
         正在跳过...(未检测到相关更改)
         general.cpp
         cgfunctions.cpp
         CGTask.cpp
       Link:
         C:\Program Files (x86)\Microsoft Visual Studio 11.0\VC\bin\link.exe /ERRORREPORT:PROMPT /OUT:"C:\Users\ustc\OneDrive\计算机图形学作业\CGTask\Debug\CGTask.exe" /INCREMENTAL /NOLOGO kernel32.lib user32.lib gdi32.lib winspool.lib comdlg32.lib advapi32.lib shell32.lib ole32.lib oleaut32.lib uuid.lib odbc32.lib odbccp32.lib /MANIFEST /MANIFESTUAC:"level='asInvoker' uiAccess='false'" /manifest:embed /DEBUG /PDB:"C:\Users\ustc\OneDrive\计算机图形学作业\CGTask\Debug\CGTask.pdb" /SUBSYSTEM:WINDOWS /TLBID:1 /DYNAMICBASE /NXCOMPAT /IMPLIB:"C:\Users\ustc\OneDrive\计算机图形学作业\CGTask\Debug\CGTask.lib" /MACHINE:X86 Debug\CGTask.res
         Debug\DialogBox.res
         Debug\cgfunctions.obj
         Debug\CGTask.obj
         Debug\general.obj
         Debug\stdafx.obj
         Debug\truescene.obj
         CGTask.vcxproj -> C:\Users\ustc\OneDrive\计算机图形学作业\CGTask\Debug\CGTask.exe
     1>已完成生成项目“C:\Users\ustc\OneDrive\计算机图形学作业\CGTask\CGTask\CGTask.vcxproj”(Build 个目标)的操作。

生成成功。

已用时间 00:00:02.41
